<?xml version="1.0" encoding="UTF-8"?>
<testng-results skipped="0" failed="0" ignored="0" total="0" passed="0">
  <reporter-output>
  </reporter-output>
  <suite name="All Test Suite" duration-ms="8" started-at="2020-11-18T18:55:30 CAT" finished-at="2020-11-18T18:55:30 CAT">
    <groups>
    </groups>
    <test name="C:/Users/mdube/Documents/Selenium-Training" duration-ms="8" started-at="2020-11-18T18:55:30 CAT" finished-at="2020-11-18T18:55:30 CAT">
    </test> <!-- C:/Users/mdube/Documents/Selenium-Training -->
  </suite> <!-- All Test Suite -->
</testng-results>
